<?xml version="1.0" encoding="UTF-8"?>
<testsuite name="util.IOUtilsTest" tests="1" skipped="0" failures="0" errors="0" timestamp="2023-01-16T05:37:50" hostname="ihongseobs-MacBook-Air.local" time="0.003">
  <properties/>
  <testcase name="readData" classname="util.IOUtilsTest" time="0.003"/>
  <system-out><![CDATA[14:37:50,696 |-INFO in ch.qos.logback.classic.LoggerContext[default] - Could NOT find resource [logback.groovy]
14:37:50,697 |-INFO in ch.qos.logback.classic.LoggerContext[default] - Could NOT find resource [logback-test.xml]
14:37:50,697 |-INFO in ch.qos.logback.classic.LoggerContext[default] - Found resource [logback.xml] at [file:/Users/hongxeob/Desktop/study/Java_NestStep/chap03/build/resources/main/logback.xml]
14:37:50,742 |-INFO in ch.qos.logback.classic.joran.action.ConfigurationAction - debug attribute not set
14:37:50,788 |-INFO in ch.qos.logback.core.joran.action.AppenderAction - About to instantiate appender of type [ch.qos.logback.core.ConsoleAppender]
14:37:50,793 |-INFO in ch.qos.logback.core.joran.action.AppenderAction - Naming appender as [STDOUT]
14:37:50,827 |-WARN in ch.qos.logback.core.ConsoleAppender[STDOUT] - This appender no longer admits a layout as a sub-component, set an encoder instead.
14:37:50,827 |-WARN in ch.qos.logback.core.ConsoleAppender[STDOUT] - To ensure compatibility, wrapping your layout in LayoutWrappingEncoder.
14:37:50,827 |-WARN in ch.qos.logback.core.ConsoleAppender[STDOUT] - See also http://logback.qos.ch/codes.html#layoutInsteadOfEncoder for details
14:37:50,827 |-INFO in ch.qos.logback.classic.joran.action.RootLoggerAction - Setting level of ROOT logger to DEBUG
14:37:50,827 |-INFO in ch.qos.logback.core.joran.action.AppenderRefAction - Attaching appender named [STDOUT] to Logger[ROOT]
14:37:50,828 |-INFO in ch.qos.logback.classic.joran.action.ConfigurationAction - End of configuration.
14:37:50,828 |-INFO in ch.qos.logback.classic.joran.JoranConfigurator@6fe7aac8 - Registering current configuration as safe fallback point

14:37:50.835 [DEBUG] [Test worker] [util.IOUtilsTest] - parse body : abcd123
]]></system-out>
  <system-err><![CDATA[]]></system-err>
</testsuite>
